<?xml version="1.0" encoding="UTF-8"?>
<!-- Generated by org.testng.reporters.JUnitXMLReporter -->
<<<<<<< HEAD
<testsuite hostname="CHETAN" ignored="0" name="Default test" tests="6" failures="1" timestamp="30 Jul 2020 21:37:42 GMT" time="66.415" errors="0">
  <testcase name="currencyDropDownTC3" time="0.683" classname="tests.HomePageTest"/>
  <testcase name="getPhoneNumberTC6" time="0.315" classname="tests.HomePageTest"/>
  <testcase name="logoValidateTC2" time="0.009" classname="tests.HomePageTest"/>
  <testcase name="navigateToLoginPageTC5" time="2.777" classname="tests.HomePageTest"/>
  <testcase name="navigateToRegisterPageTC4" time="3.141" classname="tests.HomePageTest"/>
  <testcase name="tittleValidateTC1" time="0.258" classname="tests.HomePageTest">
    <failure type="java.lang.AssertionError" message="expected [PHPTRAVELS | Travel Technology Partner] but found [PHPTRAVELS | Travel Technology Partner f]">
      <![CDATA[java.lang.AssertionError: expected [PHPTRAVELS | Travel Technology Partner] but found [PHPTRAVELS | Travel Technology Partner f]
	at org.testng.Assert.fail(Assert.java:94)
	at org.testng.Assert.failNotEquals(Assert.java:513)
	at org.testng.Assert.assertEqualsImpl(Assert.java:135)
	at org.testng.Assert.assertEquals(Assert.java:116)
	at org.testng.Assert.assertEquals(Assert.java:190)
	at org.testng.Assert.assertEquals(Assert.java:200)
	at tests.HomePageTest.tittleValidateTC1(HomePageTest.java:39)
	at sun.reflect.NativeMethodAccessorImpl.invoke0(Native Method)
	at sun.reflect.NativeMethodAccessorImpl.invoke(Unknown Source)
	at sun.reflect.DelegatingMethodAccessorImpl.invoke(Unknown Source)
	at java.lang.reflect.Method.invoke(Unknown Source)
	at org.testng.internal.MethodInvocationHelper.invokeMethod(MethodInvocationHelper.java:104)
	at org.testng.internal.Invoker.invokeMethod(Invoker.java:645)
	at org.testng.internal.Invoker.invokeTestMethod(Invoker.java:851)
	at org.testng.internal.Invoker.invokeTestMethods(Invoker.java:1177)
	at org.testng.internal.TestMethodWorker.invokeTestMethods(TestMethodWorker.java:129)
	at org.testng.internal.TestMethodWorker.run(TestMethodWorker.java:112)
	at org.testng.TestRunner.privateRun(TestRunner.java:756)
	at org.testng.TestRunner.run(TestRunner.java:610)
	at org.testng.SuiteRunner.runTest(SuiteRunner.java:387)
	at org.testng.SuiteRunner.runSequentially(SuiteRunner.java:382)
	at org.testng.SuiteRunner.privateRun(SuiteRunner.java:340)
	at org.testng.SuiteRunner.run(SuiteRunner.java:289)
	at org.testng.SuiteRunnerWorker.runSuite(SuiteRunnerWorker.java:52)
	at org.testng.SuiteRunnerWorker.run(SuiteRunnerWorker.java:86)
	at org.testng.TestNG.runSuitesSequentially(TestNG.java:1293)
	at org.testng.TestNG.runSuitesLocally(TestNG.java:1218)
	at org.testng.TestNG.runSuites(TestNG.java:1133)
	at org.testng.TestNG.run(TestNG.java:1104)
	at org.testng.remote.AbstractRemoteTestNG.run(AbstractRemoteTestNG.java:132)
	at org.testng.remote.RemoteTestNG.initAndRun(RemoteTestNG.java:236)
	at org.testng.remote.RemoteTestNG.main(RemoteTestNG.java:81)
]]>
    </failure>
  </testcase> <!-- tittleValidateTC1 -->
=======
<testsuite hostname="CHETAN" ignored="0" name="Default test" tests="2" failures="0" timestamp="25 May 2020 00:39:39 GMT" time="36.668" errors="0">
  <testcase name="fillDetailsTC2" time="13.851" classname="tests.HomeHotelsTest"/>
  <testcase name="navigateHomeHotelUiTC1" time="0.649" classname="tests.HomeHotelsTest"/>
>>>>>>> parent of a75bf9c (Change of chromedriver)
</testsuite> <!-- Default test -->
