<?xml version="1.0" encoding="UTF-8"?>
<!-- Generated by org.testng.reporters.JUnitXMLReporter -->
<testsuite hostname="CHETAN" ignored="0" name="Default test" tests="3" failures="0" timestamp="2020-04-22T22:48:41 IST" time="39.539" errors="0">
  <testcase name="currencyDropDownTC3" time="0.214" classname="tests.HomePageTest"/>
  <testcase name="logoValidateTC2" time="0.002" classname="tests.HomePageTest"/>
  <testcase name="tittleValidateTC1" time="0.044" classname="tests.HomePageTest"/>
</testsuite> <!-- Default test -->
