<?xml version="1.0" encoding="UTF-8"?>
<!-- Generated by org.testng.reporters.JUnitXMLReporter -->
<<<<<<< HEAD
<testsuite hostname="DESKTOP-6N3SFCH" name="HomePageTest" tests="6" failures="0" timestamp="28 Mar 2021 11:16:21 GMT" time="2.733" errors="0">
  <testcase name="@BeforeMethod setUp" time="0.0" classname="tests.HomePageTest">
    <failure type="org.openqa.selenium.SessionNotCreatedException" message="session not created: This version of ChromeDriver only supports Chrome version 84
Build info: version: &amp;apos;unknown&amp;apos;, revision: &amp;apos;unknown&amp;apos;, time: &amp;apos;unknown&amp;apos;
System info: host: &amp;apos;DESKTOP-6N3SFCH&amp;apos;, ip: &amp;apos;192.168.0.106&amp;apos;, os.name: &amp;apos;Windows 10&amp;apos;, os.arch: &amp;apos;x86&amp;apos;, os.version: &amp;apos;10.0&amp;apos;, java.version: &amp;apos;1.8.0_291&amp;apos;
Driver info: driver.version: ChromeDriver
remote stacktrace: Backtrace:
	Ordinal0 [0x00E087E3+2852835]
	Ordinal0 [0x00CF5BB1+1727409]
	Ordinal0 [0x00BCE4B9+517305]
	Ordinal0 [0x00B60BA0+68512]
	Ordinal0 [0x00B5D3A0+54176]
	Ordinal0 [0x00B7D9F7+186871]
	Ordinal0 [0x00B7D7FD+186365]
	Ordinal0 [0x00B7B70B+177931]
	Ordinal0 [0x00B62584+75140]
	Ordinal0 [0x00B63650+79440]
	Ordinal0 [0x00B635E9+79337]
	Ordinal0 [0x00D0AD5C+1813852]
	GetHandleVerifier [0x00F2C616+1075574]
	GetHandleVerifier [0x00F2C367+1074887]
	GetHandleVerifier [0x00F37497+1120247]
	GetHandleVerifier [0x00F2CC16+1077110]
	Ordinal0 [0x00D03206+1782278]
	Ordinal0 [0x00D0C3BB+1819579]
	Ordinal0 [0x00D0C523+1819939]
	Ordinal0 [0x00D22B45+1911621]
	BaseThreadInitThunk [0x764DCF29+25]
	RtlExpandEnvironmentStrings_U [0x77B826B5+917]
	RtlExpandEnvironmentStrings_U [0x77B82689+873]
">
      <![CDATA[org.openqa.selenium.SessionNotCreatedException: session not created: This version of ChromeDriver only supports Chrome version 84
Build info: version: 'unknown', revision: 'unknown', time: 'unknown'
System info: host: 'DESKTOP-6N3SFCH', ip: '192.168.0.106', os.name: 'Windows 10', os.arch: 'x86', os.version: '10.0', java.version: '1.8.0_291'
Driver info: driver.version: ChromeDriver
remote stacktrace: Backtrace:
	Ordinal0 [0x00E087E3+2852835]
	Ordinal0 [0x00CF5BB1+1727409]
	Ordinal0 [0x00BCE4B9+517305]
	Ordinal0 [0x00B60BA0+68512]
	Ordinal0 [0x00B5D3A0+54176]
	Ordinal0 [0x00B7D9F7+186871]
	Ordinal0 [0x00B7D7FD+186365]
	Ordinal0 [0x00B7B70B+177931]
	Ordinal0 [0x00B62584+75140]
	Ordinal0 [0x00B63650+79440]
	Ordinal0 [0x00B635E9+79337]
	Ordinal0 [0x00D0AD5C+1813852]
	GetHandleVerifier [0x00F2C616+1075574]
	GetHandleVerifier [0x00F2C367+1074887]
	GetHandleVerifier [0x00F37497+1120247]
	GetHandleVerifier [0x00F2CC16+1077110]
	Ordinal0 [0x00D03206+1782278]
	Ordinal0 [0x00D0C3BB+1819579]
	Ordinal0 [0x00D0C523+1819939]
	Ordinal0 [0x00D22B45+1911621]
	BaseThreadInitThunk [0x764DCF29+25]
	RtlExpandEnvironmentStrings_U [0x77B826B5+917]
	RtlExpandEnvironmentStrings_U [0x77B82689+873]

	at org.openqa.selenium.remote.W3CHandshakeResponse.lambda$errorHandler$0(W3CHandshakeResponse.java:62)
	at org.openqa.selenium.remote.HandshakeResponse.lambda$getResponseFunction$0(HandshakeResponse.java:30)
	at org.openqa.selenium.remote.ProtocolHandshake.lambda$createSession$0(ProtocolHandshake.java:126)
	at java.util.stream.ReferencePipeline$3$1.accept(Unknown Source)
	at java.util.Spliterators$ArraySpliterator.tryAdvance(Unknown Source)
	at java.util.stream.ReferencePipeline.forEachWithCancel(Unknown Source)
	at java.util.stream.AbstractPipeline.copyIntoWithCancel(Unknown Source)
	at java.util.stream.AbstractPipeline.copyInto(Unknown Source)
	at java.util.stream.AbstractPipeline.wrapAndCopyInto(Unknown Source)
	at java.util.stream.FindOps$FindOp.evaluateSequential(Unknown Source)
	at java.util.stream.AbstractPipeline.evaluate(Unknown Source)
	at java.util.stream.ReferencePipeline.findFirst(Unknown Source)
	at org.openqa.selenium.remote.ProtocolHandshake.createSession(ProtocolHandshake.java:128)
	at org.openqa.selenium.remote.ProtocolHandshake.createSession(ProtocolHandshake.java:74)
	at org.openqa.selenium.remote.HttpCommandExecutor.execute(HttpCommandExecutor.java:136)
	at org.openqa.selenium.remote.service.DriverCommandExecutor.execute(DriverCommandExecutor.java:83)
	at org.openqa.selenium.remote.RemoteWebDriver.execute(RemoteWebDriver.java:552)
	at org.openqa.selenium.remote.RemoteWebDriver.startSession(RemoteWebDriver.java:213)
	at org.openqa.selenium.remote.RemoteWebDriver.<init>(RemoteWebDriver.java:131)
	at org.openqa.selenium.chrome.ChromeDriver.<init>(ChromeDriver.java:181)
	at org.openqa.selenium.chrome.ChromeDriver.<init>(ChromeDriver.java:168)
	at org.openqa.selenium.chrome.ChromeDriver.<init>(ChromeDriver.java:123)
	at base.TestBase.initialiseDriver(TestBase.java:40)
	at tests.HomePageTest.setUp(HomePageTest.java:28)
... Removed 31 stack frames]]>
    </failure>
  </testcase> <!-- @BeforeMethod setUp -->
  <testcase name="@AfterMethod tearDown" time="0.0" classname="tests.HomePageTest">
    <skipped/>
  </testcase> <!-- @AfterMethod tearDown -->
  <testcase name="@BeforeMethod setUp" time="0.0" classname="tests.HomePageTest">
    <skipped/>
  </testcase> <!-- @BeforeMethod setUp -->
  <testcase name="@AfterMethod tearDown" time="0.0" classname="tests.HomePageTest">
    <skipped/>
  </testcase> <!-- @AfterMethod tearDown -->
  <testcase name="@BeforeMethod setUp" time="0.0" classname="tests.HomePageTest">
    <skipped/>
  </testcase> <!-- @BeforeMethod setUp -->
  <testcase name="@AfterMethod tearDown" time="0.0" classname="tests.HomePageTest">
    <skipped/>
  </testcase> <!-- @AfterMethod tearDown -->
  <testcase name="@BeforeMethod setUp" time="0.0" classname="tests.HomePageTest">
    <skipped/>
  </testcase> <!-- @BeforeMethod setUp -->
  <testcase name="@AfterMethod tearDown" time="0.0" classname="tests.HomePageTest">
    <skipped/>
  </testcase> <!-- @AfterMethod tearDown -->
  <testcase name="@BeforeMethod setUp" time="0.0" classname="tests.HomePageTest">
    <skipped/>
  </testcase> <!-- @BeforeMethod setUp -->
  <testcase name="@AfterMethod tearDown" time="0.0" classname="tests.HomePageTest">
    <skipped/>
  </testcase> <!-- @AfterMethod tearDown -->
  <testcase name="@BeforeMethod setUp" time="0.0" classname="tests.HomePageTest">
    <skipped/>
  </testcase> <!-- @BeforeMethod setUp -->
  <testcase name="@AfterMethod tearDown" time="0.0" classname="tests.HomePageTest">
    <skipped/>
  </testcase> <!-- @AfterMethod tearDown -->
  <testcase name="currencyDropDownTC3" time="0.016" classname="tests.HomePageTest">
    <skipped/>
  </testcase> <!-- currencyDropDownTC3 -->
  <testcase name="getPhoneNumberTC6" time="0.002" classname="tests.HomePageTest">
    <skipped/>
  </testcase> <!-- getPhoneNumberTC6 -->
  <testcase name="logoValidateTC2" time="0.0" classname="tests.HomePageTest">
    <skipped/>
  </testcase> <!-- logoValidateTC2 -->
  <testcase name="navigateToLoginPageTC5" time="0.0" classname="tests.HomePageTest">
    <skipped/>
  </testcase> <!-- navigateToLoginPageTC5 -->
  <testcase name="navigateToRegisterPageTC4" time="0.0" classname="tests.HomePageTest">
    <skipped/>
  </testcase> <!-- navigateToRegisterPageTC4 -->
  <testcase name="tittleValidateTC1" time="0.0" classname="tests.HomePageTest">
    <skipped/>
  </testcase> <!-- tittleValidateTC1 -->
=======
<testsuite hostname="CHETAN" ignored="0" name="HomePageTest" tests="6" failures="0" timestamp="2020-04-25T16:20:56 IST" time="67.392" errors="0">
  <testcase name="currencyDropDownTC3" time="0.227" classname="tests.HomePageTest"/>
  <testcase name="getPhoneNumberTC6" time="0.08" classname="tests.HomePageTest"/>
  <testcase name="logoValidateTC2" time="0.005" classname="tests.HomePageTest"/>
  <testcase name="navigateToLoginPageTC5" time="1.939" classname="tests.HomePageTest"/>
  <testcase name="navigateToRegisterPageTC4" time="1.828" classname="tests.HomePageTest"/>
  <testcase name="tittleValidateTC1" time="0.024" classname="tests.HomePageTest"/>
>>>>>>> parent of a75bf9c (Change of chromedriver)
</testsuite> <!-- HomePageTest -->
