<?xml version="1.0" encoding="UTF-8"?>
<!-- Generated by org.testng.reporters.JUnitXMLReporter -->
<testsuite hostname="CHETAN" ignored="0" name="HomePageTest" tests="6" failures="0" timestamp="2020-04-25T16:20:56 IST" time="67.392" errors="0">
  <testcase name="currencyDropDownTC3" time="0.227" classname="tests.HomePageTest"/>
  <testcase name="getPhoneNumberTC6" time="0.08" classname="tests.HomePageTest"/>
  <testcase name="logoValidateTC2" time="0.005" classname="tests.HomePageTest"/>
  <testcase name="navigateToLoginPageTC5" time="1.939" classname="tests.HomePageTest"/>
  <testcase name="navigateToRegisterPageTC4" time="1.828" classname="tests.HomePageTest"/>
  <testcase name="tittleValidateTC1" time="0.024" classname="tests.HomePageTest"/>
</testsuite> <!-- HomePageTest -->
