<?xml version="1.0" encoding="UTF-8"?>
<!-- Generated by org.testng.reporters.JUnitXMLReporter -->
<testsuite hostname="CHETAN" ignored="0" name="HomePageTest" tests="6" failures="0" timestamp="20 Jul 2020 06:18:35 GMT" time="70.553" errors="0">
  <testcase name="currencyDropDownTC3" time="0.221" classname="tests.HomePageTest"/>
  <testcase name="getPhoneNumberTC6" time="0.076" classname="tests.HomePageTest"/>
  <testcase name="logoValidateTC2" time="0.006" classname="tests.HomePageTest"/>
  <testcase name="navigateToLoginPageTC5" time="2.486" classname="tests.HomePageTest"/>
  <testcase name="navigateToRegisterPageTC4" time="2.634" classname="tests.HomePageTest"/>
  <testcase name="tittleValidateTC1" time="0.026" classname="tests.HomePageTest"/>
</testsuite> <!-- HomePageTest -->
