<?xml version="1.0" encoding="UTF-8"?>
<!-- Generated by org.testng.reporters.JUnitXMLReporter -->
<testsuite hostname="CHETAN" ignored="0" name="HomeHotel" tests="1" failures="0" timestamp="01 May 2020 10:26:36 GMT" time="10.565" errors="0">
  <testcase name="@BeforeMethod setUp" time="0.0" classname="tests.RegisterPageTest">
    <failure type="java.lang.NullPointerException">
      <![CDATA[java.lang.NullPointerException
	at tests.HomePageTest.navigateToRegisterPageTC4(HomePageTest.java:61)
	at tests.RegisterPageTest.setUp(RegisterPageTest.java:33)
... Removed 27 stack frames]]>
    </failure>
  </testcase> <!-- @BeforeMethod setUp -->
  <testcase name="@AfterMethod tearDown" time="0.0" classname="tests.RegisterPageTest">
    <skipped/>
  </testcase> <!-- @AfterMethod tearDown -->
  <testcase name="registerCustomer" time="0.006" classname="tests.RegisterPageTest">
    <skipped/>
  </testcase> <!-- registerCustomer -->
</testsuite> <!-- HomeHotel -->
