<?xml version="1.0" encoding="UTF-8"?>
<!-- Generated by org.testng.reporters.JUnitXMLReporter -->
<testsuite hostname="CHETAN" ignored="2" name="Test" tests="1" failures="0" timestamp="2020-04-23T22:14:12 IST" time="12.823" errors="0">
  <testcase name="currencyDropDownTC3" time="0.28" classname="tests.HomePageTest"/>
  <testcase name="tittleValidateTC1" time="0.0" classname="tests.HomePageTest">
    <ignored/>
  </testcase> <!-- tittleValidateTC1 -->
  <testcase name="logoValidateTC2" time="0.0" classname="tests.HomePageTest">
    <ignored/>
  </testcase> <!-- logoValidateTC2 -->
</testsuite> <!-- Test -->
