<?xml version="1.0" encoding="UTF-8"?>
<!-- Generated by org.testng.reporters.JUnitXMLReporter -->
<testsuite hostname="CHETAN" ignored="0" name="Test" tests="6" failures="0" timestamp="2020-04-25T14:22:49 IST" time="84.97" errors="0">
  <testcase name="currencyDropDownTC3" time="0.389" classname="tests.HomePageTest"/>
  <testcase name="getPhoneNumberTC6" time="0.071" classname="tests.HomePageTest"/>
  <testcase name="logoValidateTC2" time="0.003" classname="tests.HomePageTest"/>
  <testcase name="navigateToLoginPageTC5" time="1.846" classname="tests.HomePageTest"/>
  <testcase name="navigateToRegisterPageTC4" time="1.869" classname="tests.HomePageTest"/>
  <testcase name="tittleValidateTC1" time="0.014" classname="tests.HomePageTest"/>
</testsuite> <!-- Test -->
