<?xml version="1.0" encoding="UTF-8"?>
<testng-results skipped="0" failed="0" ignored="0" total="2" passed="2">
  <reporter-output>
  </reporter-output>
  <suite name="Default suite" duration-ms="26610" started-at="2020-04-25T21:33:48 IST" finished-at="2020-04-25T21:34:15 IST">
    <groups>
    </groups>
    <test name="Default test" duration-ms="26610" started-at="2020-04-25T21:33:48 IST" finished-at="2020-04-25T21:34:15 IST">
      <class name="tests.HomeHotelsTest">
        <test-method status="PASS" signature="setUp()[pri:0, instance:tests.HomeHotelsTest@7494f96a]" name="setUp" is-config="true" duration-ms="11800" started-at="2020-04-25T21:33:48 IST" finished-at="2020-04-25T21:34:00 IST">
          <reporter-output>
          </reporter-output>
        </test-method> <!-- setUp -->
        <test-method status="PASS" signature="fillDetailsTC2()[pri:0, instance:tests.HomeHotelsTest@7494f96a]" name="fillDetailsTC2" duration-ms="1167" started-at="2020-04-25T21:34:00 IST" finished-at="2020-04-25T21:34:01 IST">
          <reporter-output>
          </reporter-output>
        </test-method> <!-- fillDetailsTC2 -->
        <test-method status="PASS" signature="tearDown()[pri:0, instance:tests.HomeHotelsTest@7494f96a]" name="tearDown" is-config="true" duration-ms="219" started-at="2020-04-25T21:34:01 IST" finished-at="2020-04-25T21:34:01 IST">
          <reporter-output>
          </reporter-output>
        </test-method> <!-- tearDown -->
        <test-method status="PASS" signature="setUp()[pri:0, instance:tests.HomeHotelsTest@7494f96a]" name="setUp" is-config="true" duration-ms="13004" started-at="2020-04-25T21:34:01 IST" finished-at="2020-04-25T21:34:14 IST">
          <reporter-output>
          </reporter-output>
        </test-method> <!-- setUp -->
        <test-method status="PASS" signature="navigateHomeHotelUiTC1()[pri:0, instance:tests.HomeHotelsTest@7494f96a]" name="navigateHomeHotelUiTC1" duration-ms="217" started-at="2020-04-25T21:34:14 IST" finished-at="2020-04-25T21:34:15 IST">
          <reporter-output>
          </reporter-output>
        </test-method> <!-- navigateHomeHotelUiTC1 -->
        <test-method status="PASS" signature="tearDown()[pri:0, instance:tests.HomeHotelsTest@7494f96a]" name="tearDown" is-config="true" duration-ms="141" started-at="2020-04-25T21:34:15 IST" finished-at="2020-04-25T21:34:15 IST">
          <reporter-output>
          </reporter-output>
        </test-method> <!-- tearDown -->
      </class> <!-- tests.HomeHotelsTest -->
    </test> <!-- Default test -->
  </suite> <!-- Default suite -->
</testng-results>
