<?xml version="1.0" encoding="UTF-8"?>
<!-- Generated by org.testng.reporters.JUnitReportReporter -->
<<<<<<< HEAD
<testsuite skipped="6" hostname="DESKTOP-6N3SFCH" name="tests.HomePageTest" tests="7" failures="0" timestamp="28 Mar 2021 11:16:21 GMT" time="0.018" errors="1">
  <testcase name="getPhoneNumberTC6" time="0.002" classname="tests.HomePageTest">
    <skipped/>
  </testcase> <!-- getPhoneNumberTC6 -->
  <testcase name="setUp" time="0.000" classname="tests.HomePageTest">
    <error type="org.openqa.selenium.SessionNotCreatedException" message="session not created: This version of ChromeDriver only supports Chrome version 84
Build info: version: &#039;unknown&#039;, revision: &#039;unknown&#039;, time: &#039;unknown&#039;
System info: host: &#039;DESKTOP-6N3SFCH&#039;, ip: &#039;192.168.0.106&#039;, os.name: &#039;Windows 10&#039;, os.arch: &#039;x86&#039;, os.version: &#039;10.0&#039;, java.version: &#039;1.8.0_291&#039;
Driver info: driver.version: ChromeDriver
remote stacktrace: Backtrace:
	Ordinal0 [0x00E087E3+2852835]
	Ordinal0 [0x00CF5BB1+1727409]
	Ordinal0 [0x00BCE4B9+517305]
	Ordinal0 [0x00B60BA0+68512]
	Ordinal0 [0x00B5D3A0+54176]
	Ordinal0 [0x00B7D9F7+186871]
	Ordinal0 [0x00B7D7FD+186365]
	Ordinal0 [0x00B7B70B+177931]
	Ordinal0 [0x00B62584+75140]
	Ordinal0 [0x00B63650+79440]
	Ordinal0 [0x00B635E9+79337]
	Ordinal0 [0x00D0AD5C+1813852]
	GetHandleVerifier [0x00F2C616+1075574]
	GetHandleVerifier [0x00F2C367+1074887]
	GetHandleVerifier [0x00F37497+1120247]
	GetHandleVerifier [0x00F2CC16+1077110]
	Ordinal0 [0x00D03206+1782278]
	Ordinal0 [0x00D0C3BB+1819579]
	Ordinal0 [0x00D0C523+1819939]
	Ordinal0 [0x00D22B45+1911621]
	BaseThreadInitThunk [0x764DCF29+25]
	RtlExpandEnvironmentStrings_U [0x77B826B5+917]
	RtlExpandEnvironmentStrings_U [0x77B82689+873]
">
      <![CDATA[org.openqa.selenium.SessionNotCreatedException: session not created: This version of ChromeDriver only supports Chrome version 84
Build info: version: 'unknown', revision: 'unknown', time: 'unknown'
System info: host: 'DESKTOP-6N3SFCH', ip: '192.168.0.106', os.name: 'Windows 10', os.arch: 'x86', os.version: '10.0', java.version: '1.8.0_291'
Driver info: driver.version: ChromeDriver
remote stacktrace: Backtrace:
	Ordinal0 [0x00E087E3+2852835]
	Ordinal0 [0x00CF5BB1+1727409]
	Ordinal0 [0x00BCE4B9+517305]
	Ordinal0 [0x00B60BA0+68512]
	Ordinal0 [0x00B5D3A0+54176]
	Ordinal0 [0x00B7D9F7+186871]
	Ordinal0 [0x00B7D7FD+186365]
	Ordinal0 [0x00B7B70B+177931]
	Ordinal0 [0x00B62584+75140]
	Ordinal0 [0x00B63650+79440]
	Ordinal0 [0x00B635E9+79337]
	Ordinal0 [0x00D0AD5C+1813852]
	GetHandleVerifier [0x00F2C616+1075574]
	GetHandleVerifier [0x00F2C367+1074887]
	GetHandleVerifier [0x00F37497+1120247]
	GetHandleVerifier [0x00F2CC16+1077110]
	Ordinal0 [0x00D03206+1782278]
	Ordinal0 [0x00D0C3BB+1819579]
	Ordinal0 [0x00D0C523+1819939]
	Ordinal0 [0x00D22B45+1911621]
	BaseThreadInitThunk [0x764DCF29+25]
	RtlExpandEnvironmentStrings_U [0x77B826B5+917]
	RtlExpandEnvironmentStrings_U [0x77B82689+873]

	at sun.reflect.NativeConstructorAccessorImpl.newInstance0(Native Method)
	at sun.reflect.NativeConstructorAccessorImpl.newInstance(Unknown Source)
	at sun.reflect.DelegatingConstructorAccessorImpl.newInstance(Unknown Source)
	at java.lang.reflect.Constructor.newInstance(Unknown Source)
	at org.openqa.selenium.remote.W3CHandshakeResponse.lambda$errorHandler$0(W3CHandshakeResponse.java:62)
	at org.openqa.selenium.remote.HandshakeResponse.lambda$getResponseFunction$0(HandshakeResponse.java:30)
	at org.openqa.selenium.remote.ProtocolHandshake.lambda$createSession$0(ProtocolHandshake.java:126)
	at java.util.stream.ReferencePipeline$3$1.accept(Unknown Source)
	at java.util.Spliterators$ArraySpliterator.tryAdvance(Unknown Source)
	at java.util.stream.ReferencePipeline.forEachWithCancel(Unknown Source)
	at java.util.stream.AbstractPipeline.copyIntoWithCancel(Unknown Source)
	at java.util.stream.AbstractPipeline.copyInto(Unknown Source)
	at java.util.stream.AbstractPipeline.wrapAndCopyInto(Unknown Source)
	at java.util.stream.FindOps$FindOp.evaluateSequential(Unknown Source)
	at java.util.stream.AbstractPipeline.evaluate(Unknown Source)
	at java.util.stream.ReferencePipeline.findFirst(Unknown Source)
	at org.openqa.selenium.remote.ProtocolHandshake.createSession(ProtocolHandshake.java:128)
	at org.openqa.selenium.remote.ProtocolHandshake.createSession(ProtocolHandshake.java:74)
	at org.openqa.selenium.remote.HttpCommandExecutor.execute(HttpCommandExecutor.java:136)
	at org.openqa.selenium.remote.service.DriverCommandExecutor.execute(DriverCommandExecutor.java:83)
	at org.openqa.selenium.remote.RemoteWebDriver.execute(RemoteWebDriver.java:552)
	at org.openqa.selenium.remote.RemoteWebDriver.startSession(RemoteWebDriver.java:213)
	at org.openqa.selenium.remote.RemoteWebDriver.<init>(RemoteWebDriver.java:131)
	at org.openqa.selenium.chrome.ChromeDriver.<init>(ChromeDriver.java:181)
	at org.openqa.selenium.chrome.ChromeDriver.<init>(ChromeDriver.java:168)
	at org.openqa.selenium.chrome.ChromeDriver.<init>(ChromeDriver.java:123)
	at base.TestBase.initialiseDriver(TestBase.java:40)
	at tests.HomePageTest.setUp(HomePageTest.java:28)
	at sun.reflect.NativeMethodAccessorImpl.invoke0(Native Method)
	at sun.reflect.NativeMethodAccessorImpl.invoke(Unknown Source)
	at sun.reflect.DelegatingMethodAccessorImpl.invoke(Unknown Source)
	at java.lang.reflect.Method.invoke(Unknown Source)
	at org.testng.internal.MethodInvocationHelper.invokeMethod(MethodInvocationHelper.java:100)
	at org.testng.internal.Invoker.invokeConfigurationMethod(Invoker.java:515)
	at org.testng.internal.Invoker.invokeConfigurations(Invoker.java:216)
	at org.testng.internal.Invoker.invokeMethod(Invoker.java:590)
	at org.testng.internal.Invoker.invokeTestMethod(Invoker.java:811)
	at org.testng.internal.Invoker.invokeTestMethods(Invoker.java:1137)
	at org.testng.internal.TestMethodWorker.invokeTestMethods(TestMethodWorker.java:129)
	at org.testng.internal.TestMethodWorker.run(TestMethodWorker.java:112)
	at org.testng.TestRunner.privateRun(TestRunner.java:753)
	at org.testng.TestRunner.run(TestRunner.java:607)
	at org.testng.SuiteRunner.runTest(SuiteRunner.java:368)
	at org.testng.SuiteRunner.runSequentially(SuiteRunner.java:363)
	at org.testng.SuiteRunner.privateRun(SuiteRunner.java:321)
	at org.testng.SuiteRunner.run(SuiteRunner.java:270)
	at org.testng.SuiteRunnerWorker.runSuite(SuiteRunnerWorker.java:52)
	at org.testng.SuiteRunnerWorker.run(SuiteRunnerWorker.java:86)
	at org.testng.TestNG.runSuitesSequentially(TestNG.java:1284)
	at org.testng.TestNG.runSuitesLocally(TestNG.java:1209)
	at org.testng.TestNG.runSuites(TestNG.java:1124)
	at org.testng.TestNG.run(TestNG.java:1096)
	at org.testng.remote.AbstractRemoteTestNG.run(AbstractRemoteTestNG.java:132)
	at org.testng.remote.RemoteTestNG.initAndRun(RemoteTestNG.java:236)
	at org.testng.remote.RemoteTestNG.main(RemoteTestNG.java:81)
]]>
    </error>
  </testcase> <!-- setUp -->
  <testcase name="navigateToRegisterPageTC4" time="0.000" classname="tests.HomePageTest">
    <skipped/>
  </testcase> <!-- navigateToRegisterPageTC4 -->
  <testcase name="tittleValidateTC1" time="0.000" classname="tests.HomePageTest">
    <skipped/>
  </testcase> <!-- tittleValidateTC1 -->
  <testcase name="currencyDropDownTC3" time="0.016" classname="tests.HomePageTest">
    <skipped/>
  </testcase> <!-- currencyDropDownTC3 -->
  <testcase name="logoValidateTC2" time="0.000" classname="tests.HomePageTest">
    <skipped/>
  </testcase> <!-- logoValidateTC2 -->
  <testcase name="navigateToLoginPageTC5" time="0.000" classname="tests.HomePageTest">
    <skipped/>
  </testcase> <!-- navigateToLoginPageTC5 -->
=======
<testsuite name="tests.HomePageTest" tests="6" time="86.864" ignored="0" failures="0" timestamp="14 May 2020 23:57:53 GMT" skipped="0" hostname="CHETAN" errors="0">
  <testcase name="logoValidateTC2" time="11.378" classname="tests.HomePageTest"/>
  <testcase name="tittleValidateTC1" time="13.775" classname="tests.HomePageTest"/>
  <testcase name="currencyDropDownTC3" time="15.319" classname="tests.HomePageTest"/>
  <testcase name="navigateToRegisterPageTC4" time="12.856" classname="tests.HomePageTest"/>
  <testcase name="navigateToLoginPageTC5" time="22.495" classname="tests.HomePageTest"/>
  <testcase name="getPhoneNumberTC6" time="11.041" classname="tests.HomePageTest"/>
>>>>>>> parent of a75bf9c (Change of chromedriver)
</testsuite> <!-- tests.HomePageTest -->
